<?xml version="1.0" encoding="UTF-8"?>
<beans xmlns="http://www.springframework.org/schema/beans"
       xmlns:xsi="http://www.w3.org/2001/XMLSchema-instance"
       xmlns:context="http://www.springframework.org/schema/context"
       xsi:schemaLocation="http://www.springframework.org/schema/beans http://www.springframework.org/schema/beans/spring-beans.xsd http://www.springframework.org/schema/context https://www.springframework.org/schema/context/spring-context.xsd">

    <context:component-scan base-package="com.foxminded.university"/>

    <bean id="dataSource" class="org.springframework.jdbc.datasource.DriverManagerDataSource">
        <property name="driverClassName" value="org.h2.Driver"/>
        <property name="url" value="jdbc:h2:mem:test;DB_CLOSE_DELAY=-1;MODE=PostgreSQL"/>
        <property name="username" value="sa"/>
        <property name="password" value="sa"/>
    </bean>


    <bean id="jdbcTemplate" class="org.springframework.jdbc.core.JdbcTemplate" scope="prototype">
        <constructor-arg ref="dataSource"/>
    </bean>

    <bean id="simpleInsert" class="org.springframework.jdbc.core.simple.SimpleJdbcInsert">
        <constructor-arg ref="dataSource"/>
    </bean>

</beans>